c:\users\tjdtj\onedrive\바탕 화면\zzongkkonga\client\corruptlab_client\corruptlab\x64\debug\vc142.pdb
c:\users\tjdtj\onedrive\바탕 화면\zzongkkonga\client\corruptlab_client\corruptlab\x64\debug\vc142.idb
c:\users\tjdtj\onedrive\바탕 화면\zzongkkonga\client\corruptlab_client\corruptlab\x64\debug\mesh_skinned.obj
c:\users\tjdtj\onedrive\바탕 화면\zzongkkonga\client\corruptlab_client\corruptlab\x64\debug\corruptlab.obj
c:\users\tjdtj\onedrive\바탕 화면\zzongkkonga\client\corruptlab_client\corruptlab\x64\debug\object_camera.obj
c:\users\tjdtj\onedrive\바탕 화면\zzongkkonga\client\corruptlab_client\corruptlab\x64\debug\obect_desk.obj
c:\users\tjdtj\onedrive\바탕 화면\zzongkkonga\client\corruptlab_client\corruptlab\x64\debug\mgr_collision.obj
c:\users\tjdtj\onedrive\바탕 화면\zzongkkonga\client\corruptlab_client\corruptlab\x64\debug\cshader_shadowmrt.obj
c:\users\tjdtj\onedrive\바탕 화면\zzongkkonga\client\corruptlab_client\corruptlab\x64\debug\mgr_radiation.obj
c:\users\tjdtj\onedrive\바탕 화면\zzongkkonga\client\corruptlab_client\corruptlab\x64\debug\lobbyscene.obj
c:\users\tjdtj\onedrive\바탕 화면\zzongkkonga\client\corruptlab_client\corruptlab\x64\debug\mgr_item.obj
c:\users\tjdtj\onedrive\바탕 화면\zzongkkonga\client\corruptlab_client\corruptlab\x64\debug\csystem_particle.obj
c:\users\tjdtj\onedrive\바탕 화면\zzongkkonga\client\corruptlab_client\corruptlab\x64\debug\cshader_particleclass.obj
c:\users\tjdtj\onedrive\바탕 화면\zzongkkonga\client\corruptlab_client\corruptlab\x64\debug\mgr_scene.obj
c:\users\tjdtj\onedrive\바탕 화면\zzongkkonga\client\corruptlab_client\corruptlab\x64\debug\indoorsecenmapobjectloader.obj
c:\users\tjdtj\onedrive\바탕 화면\zzongkkonga\client\corruptlab_client\corruptlab\x64\debug\monster_tosm.obj
c:\users\tjdtj\onedrive\바탕 화면\zzongkkonga\client\corruptlab_client\corruptlab\x64\debug\monster_boss.obj
c:\users\tjdtj\onedrive\바탕 화면\zzongkkonga\client\corruptlab_client\corruptlab\x64\debug\mgr_indoorcontrol.obj
c:\users\tjdtj\onedrive\바탕 화면\zzongkkonga\client\corruptlab_client\corruptlab\x64\debug\endingscene.obj
c:\users\tjdtj\onedrive\바탕 화면\zzongkkonga\client\corruptlab_client\corruptlab\x64\debug\cnarrationmgr.obj
c:\users\tjdtj\onedrive\바탕 화면\zzongkkonga\client\corruptlab_client\corruptlab\x64\debug\cinstancingstandardshader.obj
c:\users\tjdtj\onedrive\바탕 화면\zzongkkonga\client\corruptlab_client\corruptlab\x64\debug\animation.obj
c:\users\tjdtj\onedrive\바탕 화면\zzongkkonga\client\corruptlab_client\corruptlab\x64\debug\object_ui.obj
c:\users\tjdtj\onedrive\바탕 화면\zzongkkonga\client\corruptlab_client\corruptlab\x64\debug\object_billboard.obj
c:\users\tjdtj\onedrive\바탕 화면\zzongkkonga\client\corruptlab_client\corruptlab\x64\debug\mesh.obj
c:\users\tjdtj\onedrive\바탕 화면\zzongkkonga\client\corruptlab_client\corruptlab\x64\debug\gameframework.obj
c:\users\tjdtj\onedrive\바탕 화면\zzongkkonga\client\corruptlab_client\corruptlab\x64\debug\ddstextureloader12.obj
c:\users\tjdtj\onedrive\바탕 화면\zzongkkonga\client\corruptlab_client\corruptlab\x64\debug\material.obj
c:\users\tjdtj\onedrive\바탕 화면\zzongkkonga\client\corruptlab_client\corruptlab\x64\debug\mapobjectloader.obj
c:\users\tjdtj\onedrive\바탕 화면\zzongkkonga\client\corruptlab_client\corruptlab\x64\debug\object_terrain.obj
c:\users\tjdtj\onedrive\바탕 화면\zzongkkonga\client\corruptlab_client\corruptlab\x64\debug\object_staticobj.obj
c:\users\tjdtj\onedrive\바탕 화면\zzongkkonga\client\corruptlab_client\corruptlab\x64\debug\object_rotatingitem.obj
c:\users\tjdtj\onedrive\바탕 화면\zzongkkonga\client\corruptlab_client\corruptlab\x64\debug\object_researcher.obj
c:\users\tjdtj\onedrive\바탕 화면\zzongkkonga\client\corruptlab_client\corruptlab\x64\debug\object_nosie.obj
c:\users\tjdtj\onedrive\바탕 화면\zzongkkonga\client\corruptlab_client\corruptlab\x64\debug\object_itembox.obj
c:\users\tjdtj\onedrive\바탕 화면\zzongkkonga\client\corruptlab_client\corruptlab\x64\debug\object_floor.obj
c:\users\tjdtj\onedrive\바탕 화면\zzongkkonga\client\corruptlab_client\corruptlab\x64\debug\object_effect.obj
c:\users\tjdtj\onedrive\바탕 화면\zzongkkonga\client\corruptlab_client\corruptlab\x64\debug\object_dynamicobj.obj
c:\users\tjdtj\onedrive\바탕 화면\zzongkkonga\client\corruptlab_client\corruptlab\x64\debug\object_drugmaker.obj
c:\users\tjdtj\onedrive\바탕 화면\zzongkkonga\client\corruptlab_client\corruptlab\x64\debug\object_door.obj
c:\users\tjdtj\onedrive\바탕 화면\zzongkkonga\client\corruptlab_client\corruptlab\x64\debug\mesh_terrain.obj
c:\users\tjdtj\onedrive\바탕 화면\zzongkkonga\client\corruptlab_client\corruptlab\x64\debug\mesh_skybox.obj
c:\users\tjdtj\onedrive\바탕 화면\zzongkkonga\client\corruptlab_client\corruptlab\x64\debug\shader_objhp.obj
c:\users\tjdtj\onedrive\바탕 화면\zzongkkonga\client\corruptlab_client\corruptlab\x64\debug\shader_noise.obj
c:\users\tjdtj\onedrive\바탕 화면\zzongkkonga\client\corruptlab_client\corruptlab\x64\debug\shader.obj
c:\users\tjdtj\onedrive\바탕 화면\zzongkkonga\client\corruptlab_client\corruptlab\x64\debug\scene.obj
c:\users\tjdtj\onedrive\바탕 화면\zzongkkonga\client\corruptlab_client\corruptlab\x64\debug\object_player.obj
c:\users\tjdtj\onedrive\바탕 화면\zzongkkonga\client\corruptlab_client\corruptlab\x64\debug\object.obj
c:\users\tjdtj\onedrive\바탕 화면\zzongkkonga\client\corruptlab_client\corruptlab\x64\debug\shader_mrt.obj
c:\users\tjdtj\onedrive\바탕 화면\zzongkkonga\client\corruptlab_client\corruptlab\x64\debug\shader_minmapfog.obj
c:\users\tjdtj\onedrive\바탕 화면\zzongkkonga\client\corruptlab_client\corruptlab\x64\debug\shader_minimap.obj
c:\users\tjdtj\onedrive\바탕 화면\zzongkkonga\client\corruptlab_client\corruptlab\x64\debug\shader_lobby.obj
c:\users\tjdtj\onedrive\바탕 화면\zzongkkonga\client\corruptlab_client\corruptlab\x64\debug\shader_lightmrt.obj
c:\users\tjdtj\onedrive\바탕 화면\zzongkkonga\client\corruptlab_client\corruptlab\x64\debug\shader_item.obj
c:\users\tjdtj\onedrive\바탕 화면\zzongkkonga\client\corruptlab_client\corruptlab\x64\debug\shader_floor.obj
c:\users\tjdtj\onedrive\바탕 화면\zzongkkonga\client\corruptlab_client\corruptlab\x64\debug\shader_effect.obj
c:\users\tjdtj\onedrive\바탕 화면\zzongkkonga\client\corruptlab_client\corruptlab\x64\debug\shader_collisionbox.obj
c:\users\tjdtj\onedrive\바탕 화면\zzongkkonga\client\corruptlab_client\corruptlab\x64\debug\shader_billboardui.obj
c:\users\tjdtj\onedrive\바탕 화면\zzongkkonga\client\corruptlab_client\corruptlab\x64\debug\shader_billboard.obj
c:\users\tjdtj\onedrive\바탕 화면\zzongkkonga\client\corruptlab_client\corruptlab\x64\debug\shader_baseui.obj
c:\users\tjdtj\onedrive\바탕 화면\zzongkkonga\client\corruptlab_client\corruptlab\x64\debug\shader-terrain.obj
c:\users\tjdtj\onedrive\바탕 화면\zzongkkonga\client\corruptlab_client\corruptlab\x64\debug\scene_game2.obj
c:\users\tjdtj\onedrive\바탕 화면\zzongkkonga\client\corruptlab_client\corruptlab\x64\debug\wictextureloader12.obj
c:\users\tjdtj\onedrive\바탕 화면\zzongkkonga\client\corruptlab_client\corruptlab\x64\debug\timer.obj
c:\users\tjdtj\onedrive\바탕 화면\zzongkkonga\client\corruptlab_client\corruptlab\x64\debug\stdafx.obj
c:\users\tjdtj\onedrive\바탕 화면\zzongkkonga\client\corruptlab_client\corruptlab\x64\debug\soundmgr.obj
c:\users\tjdtj\onedrive\바탕 화면\zzongkkonga\client\corruptlab_client\corruptlab\x64\debug\shader_standard.obj
c:\users\tjdtj\onedrive\바탕 화면\zzongkkonga\client\corruptlab_client\corruptlab\x64\debug\shader_specialfog.obj
c:\users\tjdtj\onedrive\바탕 화면\zzongkkonga\client\corruptlab_client\corruptlab\x64\debug\shader_radiation.obj
c:\users\tjdtj\onedrive\바탕 화면\zzongkkonga\client\corruptlab_client\corruptlab\x64\debug\monster.obj
c:\users\tjdtj\onedrive\바탕 화면\zzongkkonga\client\corruptlab_client\corruptlab\x64\debug\monster_yangmal.obj
c:\users\tjdtj\onedrive\바탕 화면\zzongkkonga\client\corruptlab_client\x64\debug\corruptlab.ilk
c:\users\tjdtj\onedrive\바탕 화면\zzongkkonga\client\corruptlab_client\x64\debug\corruptlab.exe
c:\users\tjdtj\onedrive\바탕 화면\zzongkkonga\client\corruptlab_client\x64\debug\corruptlab.pdb
c:\users\tjdtj\onedrive\바탕 화면\zzongkkonga\client\corruptlab_client\corruptlab\x64\debug\corruptlab.res
c:\users\tjdtj\onedrive\바탕 화면\zzongkkonga\client\corruptlab_client\corruptlab\x64\debug\corruptlab.tlog\cl.command.1.tlog
c:\users\tjdtj\onedrive\바탕 화면\zzongkkonga\client\corruptlab_client\corruptlab\x64\debug\corruptlab.tlog\cl.read.1.tlog
c:\users\tjdtj\onedrive\바탕 화면\zzongkkonga\client\corruptlab_client\corruptlab\x64\debug\corruptlab.tlog\cl.write.1.tlog
c:\users\tjdtj\onedrive\바탕 화면\zzongkkonga\client\corruptlab_client\corruptlab\x64\debug\corruptlab.tlog\link.command.1.tlog
c:\users\tjdtj\onedrive\바탕 화면\zzongkkonga\client\corruptlab_client\corruptlab\x64\debug\corruptlab.tlog\link.read.1.tlog
c:\users\tjdtj\onedrive\바탕 화면\zzongkkonga\client\corruptlab_client\corruptlab\x64\debug\corruptlab.tlog\link.write.1.tlog
c:\users\tjdtj\onedrive\바탕 화면\zzongkkonga\client\corruptlab_client\corruptlab\x64\debug\corruptlab.tlog\rc.command.1.tlog
c:\users\tjdtj\onedrive\바탕 화면\zzongkkonga\client\corruptlab_client\corruptlab\x64\debug\corruptlab.tlog\rc.read.1.tlog
c:\users\tjdtj\onedrive\바탕 화면\zzongkkonga\client\corruptlab_client\corruptlab\x64\debug\corruptlab.tlog\rc.write.1.tlog
